<?xml version="1.0" encoding="UTF-8"?>
<testng-results ignored="1" total="2" passed="1" failed="0" skipped="0">
  <reporter-output>
  </reporter-output>
  <suite started-at="2024-11-15T16:24:47 IST" name="Default suite" finished-at="2024-11-15T16:25:04 IST" duration-ms="16774">
    <groups>
    </groups>
    <test started-at="2024-11-15T16:24:47 IST" name="Default test" finished-at="2024-11-15T16:25:04 IST" duration-ms="16774">
      <class name="testCases.TestCart">
        <test-method is-config="true" signature="openBrowser()[pri:0, instance:testCases.TestCart@2ed2d9cb]" started-at="2024-11-15T16:24:47 IST" name="openBrowser" finished-at="2024-11-15T16:24:51 IST" duration-ms="3790" status="PASS">
          <reporter-output>
          </reporter-output>
        </test-method> <!-- openBrowser -->
        <test-method signature="addToCart()[pri:0, instance:testCases.TestCart@2ed2d9cb]" started-at="2024-11-15T16:24:51 IST" name="addToCart" finished-at="2024-11-15T16:25:03 IST" duration-ms="12059" status="PASS">
          <reporter-output>
          </reporter-output>
        </test-method> <!-- addToCart -->
        <test-method is-config="true" signature="closeBrowser()[pri:0, instance:testCases.TestCart@2ed2d9cb]" started-at="2024-11-15T16:25:03 IST" name="closeBrowser" finished-at="2024-11-15T16:25:04 IST" duration-ms="887" status="PASS">
          <reporter-output>
          </reporter-output>
        </test-method> <!-- closeBrowser -->
      </class> <!-- testCases.TestCart -->
    </test> <!-- Default test -->
  </suite> <!-- Default suite -->
</testng-results>
